Performing C SOURCE FILE Test CMAKE_HAVE_LIBC_PTHREAD failed with the following output:
Change Dir: /home/zaikun/technology/super/SuperPoint_SLAM/build/CMakeFiles/CMakeTmp

Run Build Command(s):/usr/bin/make cmTC_0c90a/fast && /usr/bin/make  -f CMakeFiles/cmTC_0c90a.dir/build.make CMakeFiles/cmTC_0c90a.dir/build
make[1]: Entering directory '/home/zaikun/technology/super/SuperPoint_SLAM/build/CMakeFiles/CMakeTmp'
Building C object CMakeFiles/cmTC_0c90a.dir/src.c.o
/usr/bin/cc -DCMAKE_HAVE_LIBC_PTHREAD  -Wall  -O3 -march=native   -o CMakeFiles/cmTC_0c90a.dir/src.c.o -c /home/zaikun/technology/super/SuperPoint_SLAM/build/CMakeFiles/CMakeTmp/src.c
Linking C executable cmTC_0c90a
/home/zaikun/miniconda3/bin/cmake -E cmake_link_script CMakeFiles/cmTC_0c90a.dir/link.txt --verbose=1
/usr/bin/cc   -Wall  -O3 -march=native   -rdynamic CMakeFiles/cmTC_0c90a.dir/src.c.o -o cmTC_0c90a 
/usr/bin/ld: CMakeFiles/cmTC_0c90a.dir/src.c.o: in function `main':
src.c:(.text.startup+0x29): undefined reference to `pthread_create'
/usr/bin/ld: src.c:(.text.startup+0x32): undefined reference to `pthread_detach'
/usr/bin/ld: src.c:(.text.startup+0x3b): undefined reference to `pthread_cancel'
/usr/bin/ld: src.c:(.text.startup+0x46): undefined reference to `pthread_join'
collect2: error: ld returned 1 exit status
make[1]: *** [CMakeFiles/cmTC_0c90a.dir/build.make:106: cmTC_0c90a] Error 1
make[1]: Leaving directory '/home/zaikun/technology/super/SuperPoint_SLAM/build/CMakeFiles/CMakeTmp'
make: *** [Makefile:140: cmTC_0c90a/fast] Error 2


Source file was:
#include <pthread.h>

static void* test_func(void* data)
{
  return data;
}

int main(void)
{
  pthread_t thread;
  pthread_create(&thread, NULL, test_func, NULL);
  pthread_detach(thread);
  pthread_cancel(thread);
  pthread_join(thread, NULL);
  pthread_atfork(NULL, NULL, NULL);
  pthread_exit(NULL);

  return 0;
}

Determining if the function pthread_create exists in the pthreads failed with the following output:
Change Dir: /home/zaikun/technology/super/SuperPoint_SLAM/build/CMakeFiles/CMakeTmp

Run Build Command(s):/usr/bin/make cmTC_50ef3/fast && /usr/bin/make  -f CMakeFiles/cmTC_50ef3.dir/build.make CMakeFiles/cmTC_50ef3.dir/build
make[1]: Entering directory '/home/zaikun/technology/super/SuperPoint_SLAM/build/CMakeFiles/CMakeTmp'
Building C object CMakeFiles/cmTC_50ef3.dir/CheckFunctionExists.c.o
/usr/bin/cc   -Wall  -O3 -march=native  -DCHECK_FUNCTION_EXISTS=pthread_create -o CMakeFiles/cmTC_50ef3.dir/CheckFunctionExists.c.o -c /home/zaikun/miniconda3/share/cmake-3.19/Modules/CheckFunctionExists.c
Linking C executable cmTC_50ef3
/home/zaikun/miniconda3/bin/cmake -E cmake_link_script CMakeFiles/cmTC_50ef3.dir/link.txt --verbose=1
/usr/bin/cc   -Wall  -O3 -march=native  -DCHECK_FUNCTION_EXISTS=pthread_create -rdynamic CMakeFiles/cmTC_50ef3.dir/CheckFunctionExists.c.o -o cmTC_50ef3  -lpthreads 
/usr/bin/ld: cannot find -lpthreads
collect2: error: ld returned 1 exit status
make[1]: *** [CMakeFiles/cmTC_50ef3.dir/build.make:106: cmTC_50ef3] Error 1
make[1]: Leaving directory '/home/zaikun/technology/super/SuperPoint_SLAM/build/CMakeFiles/CMakeTmp'
make: *** [Makefile:140: cmTC_50ef3/fast] Error 2



